2020-09-24 18:09:35,860 INFO Logger initialized
2020-09-24 18:09:35,861 INFO read accounts data...
2020-09-24 18:09:35,862 INFO getting data for account_id:  12345
2020-09-24 18:09:35,875 DEBUG Starting new HTTP connection (1): interview.wpengine.io:80
2020-09-24 18:09:36,347 DEBUG http://interview.wpengine.io:80 "GET /v1/accounts/12345 HTTP/1.1" 200 62
2020-09-24 18:09:36,348 INFO Api data for account_id 12345: {'account_id': 12345, 'status': 'good', 'created_on': '2011-01-12'}
2020-09-24 18:09:36,348 INFO merged data for account_id 12345: [('First Name', 'Lex'), ('Created On', '1/12/11'), ('status', 'good'), ('status_set_on', '2011-01-12')]
2020-09-24 18:09:36,348 INFO getting data for account_id:  8172
2020-09-24 18:09:36,351 DEBUG Starting new HTTP connection (1): interview.wpengine.io:80
2020-09-24 18:09:36,555 DEBUG http://interview.wpengine.io:80 "GET /v1/accounts/8172 HTTP/1.1" 200 63
2020-09-24 18:09:36,556 INFO Api data for account_id 8172: {'account_id': 8172, 'status': 'closed', 'created_on': '2015-09-01'}
2020-09-24 18:09:36,556 INFO merged data for account_id 8172: [('First Name', 'Victor'), ('Created On', '11/19/14'), ('status', 'closed'), ('status_set_on', '2015-09-01')]
2020-09-24 18:09:36,556 INFO getting data for account_id:  1924
2020-09-24 18:09:36,558 DEBUG Starting new HTTP connection (1): interview.wpengine.io:80
2020-09-24 18:09:36,824 DEBUG http://interview.wpengine.io:80 "GET /v1/accounts/1924 HTTP/1.1" 200 62
2020-09-24 18:09:36,825 INFO Api data for account_id 1924: {'account_id': 1924, 'status': 'fraud', 'created_on': '2012-03-01'}
2020-09-24 18:09:36,825 INFO merged data for account_id 1924: [('First Name', 'Max'), ('Created On', '2/29/12'), ('status', 'fraud'), ('status_set_on', '2012-03-01')]
2020-09-24 18:09:36,825 INFO getting data for account_id:  222222
2020-09-24 18:09:36,828 DEBUG Starting new HTTP connection (1): interview.wpengine.io:80
2020-09-24 18:09:37,120 DEBUG http://interview.wpengine.io:80 "GET /v1/accounts/222222 HTTP/1.1" 200 63
2020-09-24 18:09:37,120 INFO Api data for account_id 222222: {'account_id': 222222, 'status': 'poor', 'created_on': '2014-01-02'}
2020-09-24 18:09:37,121 INFO merged data for account_id 222222: [('First Name', "Ra's"), ('Created On', '3/1/12'), ('status', 'poor'), ('status_set_on', '2014-01-02')]
2020-09-24 18:09:37,121 INFO getting data for account_id:  48213
2020-09-24 18:09:37,124 DEBUG Starting new HTTP connection (1): interview.wpengine.io:80
2020-09-24 18:09:37,334 DEBUG http://interview.wpengine.io:80 "GET /v1/accounts/48213 HTTP/1.1" 200 67
2020-09-24 18:09:37,335 INFO Api data for account_id 48213: {'account_id': 48213, 'status': 'high risk', 'created_on': '2015-08-15'}
2020-09-24 18:09:37,335 INFO merged data for account_id 48213: [('First Name', 'Wilson'), ('Created On', '7/7/15'), ('status', 'high risk'), ('status_set_on', '2015-08-15')]
2020-09-24 18:09:37,336 INFO getting data for account_id:  918299
2020-09-24 18:09:37,338 DEBUG Starting new HTTP connection (1): interview.wpengine.io:80
2020-09-24 18:09:37,542 DEBUG http://interview.wpengine.io:80 "GET /v1/accounts/918299 HTTP/1.1" 200 63
2020-09-24 18:09:37,543 INFO Api data for account_id 918299: {'account_id': 918299, 'status': 'good', 'created_on': '2014-06-01'}
2020-09-24 18:09:37,543 INFO merged data for account_id 918299: [('First Name', 'Norman'), ('Created On', '4/29/14'), ('status', 'good'), ('status_set_on', '2014-06-01')]
2020-09-24 18:09:37,543 INFO getting data for account_id:  88888
2020-09-24 18:09:37,546 DEBUG Starting new HTTP connection (1): interview.wpengine.io:80
2020-09-24 18:09:37,741 DEBUG http://interview.wpengine.io:80 "GET /v1/accounts/88888 HTTP/1.1" 200 69
2020-09-24 18:09:37,742 INFO Api data for account_id 88888: {'account_id': 88888, 'status': 'collections', 'created_on': '2015-08-08'}
2020-09-24 18:09:37,742 INFO merged data for account_id 88888: [('First Name', 'Otto'), ('Created On', '8/8/13'), ('status', 'collections'), ('status_set_on', '2015-08-08')]
2020-09-24 18:09:37,742 INFO writing data to the output file....
2020-09-24 18:09:37,743 INFO Done writing to the output file!!
